[05:38:04] [main/INFO]: Loading Minecraft 1.21.5 with Fabric Loader 0.16.14
[05:38:04] [main/INFO]: Loading 4 mods:
	- fabricloader 0.16.14
	   \-- mixinextras 0.4.1
	- java 21
	- minecraft 1.21.5
[05:38:04] [main/INFO]: SpongePowered MIXIN Subsystem Version=0.8.7 Source=file:/workspaces/automatic-disco/servidor_minecraft/libraries/net/fabricmc/sponge-mixin/0.15.5+mixin.0.8.7/sponge-mixin-0.15.5+mixin.0.8.7.jar Service=Knot/Fabric Env=SERVER
[05:38:10] [main/INFO]: Environment: Environment[sessionHost=https://sessionserver.mojang.com, servicesHost=https://api.minecraftservices.com, name=PROD]
[05:38:10] [main/INFO]: No existing world data, creating new world
[05:38:11] [main/INFO]: Loaded 1373 recipes
[05:38:11] [main/INFO]: Loaded 1484 advancements
[05:38:11] [Server thread/INFO]: Starting minecraft server version 1.21.5
[05:38:11] [Server thread/INFO]: Loading properties
[05:38:11] [Server thread/INFO]: Default game type: SURVIVAL
[05:38:11] [Server thread/INFO]: Generating keypair
[05:38:11] [Server thread/INFO]: Starting Minecraft server on *:25565
[05:38:11] [Server thread/INFO]: Using epoll channel type
[05:38:12] [Server thread/WARN]: **** SERVER IS RUNNING IN OFFLINE/INSECURE MODE!
[05:38:12] [Server thread/WARN]: The server will make no attempt to authenticate usernames. Beware.
[05:38:12] [Server thread/WARN]: While this makes the game possible to play without internet access, it also opens up the ability for hackers to connect with any username they choose.
[05:38:12] [Server thread/WARN]: To change this, set "online-mode" to "true" in the server.properties file.
[05:38:12] [Server thread/INFO]: Preparing level "world"
[05:38:19] [Server thread/INFO]: Preparing start region for dimension minecraft:overworld
[05:38:19] [Worker-Main-2/INFO]: Preparing spawn area: 2%
[05:38:20] [Worker-Main-3/INFO]: Preparing spawn area: 2%
[05:38:20] [Worker-Main-1/INFO]: Preparing spawn area: 2%
[05:38:21] [Worker-Main-1/INFO]: Preparing spawn area: 2%
[05:38:21] [Worker-Main-1/INFO]: Preparing spawn area: 2%
[05:38:22] [Worker-Main-1/INFO]: Preparing spawn area: 18%
[05:38:22] [Worker-Main-2/INFO]: Preparing spawn area: 18%
[05:38:23] [Worker-Main-2/INFO]: Preparing spawn area: 18%
[05:38:23] [Worker-Main-1/INFO]: Preparing spawn area: 51%
[05:38:24] [Worker-Main-1/INFO]: Preparing spawn area: 51%
[05:38:24] [Worker-Main-1/INFO]: Preparing spawn area: 51%
[05:38:25] [Worker-Main-1/INFO]: Preparing spawn area: 53%
[05:38:25] [Server thread/INFO]: Time elapsed: 5600 ms
[05:38:25] [Server thread/INFO]: Done (13.089s)! For help, type "help"
[05:39:25] [Server thread/INFO]: Server empty for 60 seconds, pausing
[05:39:46] [Server thread/INFO]: Unknown or incomplete command, see below for error
[05:39:46] [Server thread/INFO]: op<--[HERE]
[05:42:35] [Server thread/INFO]: Bae_25[/100.65.190.42:59580] logged in with entity id 39 at (19.5, 80.0, 8.5)
[05:42:35] [Server thread/INFO]: Bae_25 joined the game
[05:43:26] [Server thread/INFO]: Made Bae_25 a server operator
[05:45:43] [Server thread/INFO]: Bae_25 lost connection: Disconnected
[05:45:43] [Server thread/INFO]: Bae_25 left the game
[05:46:43] [Server thread/INFO]: Server empty for 60 seconds, pausing
